SpeakEasyApplication/app/build/intermediates/manifest_merge_blame_file/debug/processDebugMainManifest/manifest-merger-blame-debug-report.txt
1<?xml version="1.0" encoding="utf-8"?>
2<manifest xmlns:android="http://schemas.android.com/apk/res/android"
3    package="com.example.speakeasy_app"
4    android:versionCode="1"
5    android:versionName="1.0" >
6
7    <uses-sdk
8        android:minSdkVersion="34"
9        android:targetSdkVersion="34" />
10
11    <!-- Permissions -->
12    <uses-permission android:name="android.permission.READ_MEDIA_AUDIO" />
12-->src\main\AndroidManifest.xml:5:5-75
12-->src\main\AndroidManifest.xml:5:22-72
13    <uses-permission
13-->src\main\AndroidManifest.xml:6:5-108
14        android:name="android.permission.WRITE_EXTERNAL_STORAGE"
14-->src\main\AndroidManifest.xml:6:22-78
15        android:maxSdkVersion="28" />
15-->src\main\AndroidManifest.xml:6:79-105
16
17    <uses-feature android:name="android.hardware.usb.host" />
17-->src\main\AndroidManifest.xml:7:5-62
17-->src\main\AndroidManifest.xml:7:19-59
18
19    <uses-permission android:name="android.permission.INTERNET" />
19-->src\main\AndroidManifest.xml:8:5-67
19-->src\main\AndroidManifest.xml:8:22-64
20    <uses-permission android:name="android.permission.RECEIVE_BOOT_COMPLETED" />
20-->src\main\AndroidManifest.xml:9:5-81
20-->src\main\AndroidManifest.xml:9:22-78
21
22    <permission
22-->[androidx.core:core:1.13.0] AndroidManifest.xml:22:5-24:47
23        android:name="com.example.speakeasy_app.DYNAMIC_RECEIVER_NOT_EXPORTED_PERMISSION"
23-->[androidx.core:core:1.13.0] AndroidManifest.xml:23:9-81
24        android:protectionLevel="signature" />
24-->[androidx.core:core:1.13.0] AndroidManifest.xml:24:9-44
25
26    <uses-permission android:name="com.example.speakeasy_app.DYNAMIC_RECEIVER_NOT_EXPORTED_PERMISSION" />
26-->[androidx.core:core:1.13.0] AndroidManifest.xml:26:5-97
26-->[androidx.core:core:1.13.0] AndroidManifest.xml:26:22-94
27
28    <application
28-->src\main\AndroidManifest.xml:11:5-63:19
29        android:allowBackup="true"
29-->src\main\AndroidManifest.xml:12:9-35
30        android:appComponentFactory="androidx.core.app.CoreComponentFactory"
30-->[androidx.core:core:1.13.0] AndroidManifest.xml:28:18-86
31        android:dataExtractionRules="@xml/data_extraction_rules"
31-->src\main\AndroidManifest.xml:14:9-65
32        android:debuggable="true"
33        android:extractNativeLibs="false"
34        android:fullBackupContent="@xml/backup_rules"
34-->src\main\AndroidManifest.xml:15:9-54
35        android:icon="@mipmap/ic_launcher"
35-->src\main\AndroidManifest.xml:16:9-43
36        android:label="@string/app_name"
36-->src\main\AndroidManifest.xml:17:9-41
37        android:networkSecurityConfig="@xml/network_security_config"
37-->src\main\AndroidManifest.xml:21:9-69
38        android:roundIcon="@mipmap/ic_launcher_round"
38-->src\main\AndroidManifest.xml:18:9-54
39        android:supportsRtl="true"
39-->src\main\AndroidManifest.xml:19:9-35
40        android:theme="@style/Theme.SpeakEasyAPP"
40-->src\main\AndroidManifest.xml:20:9-50
41        android:usesCleartextTraffic="true" >
41-->src\main\AndroidManifest.xml:13:9-44
42
43        <!-- MainActivity must be first and have the LAUNCHER intent-filter -->
44        <activity
44-->src\main\AndroidManifest.xml:25:9-32:20
45            android:name="com.example.speakeasy_app.MainActivity"
45-->src\main\AndroidManifest.xml:26:13-41
46            android:exported="true" >
46-->src\main\AndroidManifest.xml:27:13-36
47            <intent-filter>
47-->src\main\AndroidManifest.xml:28:13-31:29
48                <action android:name="android.intent.action.MAIN" />
48-->src\main\AndroidManifest.xml:29:17-69
48-->src\main\AndroidManifest.xml:29:25-66
49
50                <category android:name="android.intent.category.LAUNCHER" />
50-->src\main\AndroidManifest.xml:30:17-77
50-->src\main\AndroidManifest.xml:30:27-74
51            </intent-filter>
52        </activity>
53
54        <!-- RedButton activity with USB device handling -->
55        <activity
55-->src\main\AndroidManifest.xml:35:9-46:20
56            android:name="com.example.speakeasy_app.RedButton"
56-->src\main\AndroidManifest.xml:36:13-38
57            android:exported="true" >
57-->src\main\AndroidManifest.xml:37:13-36
58            <intent-filter>
58-->src\main\AndroidManifest.xml:38:13-41:29
59
60                <!-- Detect USB device attachment -->
61                <action android:name="android.hardware.usb.action.USB_DEVICE_ATTACHED" />
61-->src\main\AndroidManifest.xml:40:17-90
61-->src\main\AndroidManifest.xml:40:25-87
62            </intent-filter>
63            <!-- Link the device filter for supported USB devices -->
64            <meta-data
64-->src\main\AndroidManifest.xml:43:13-45:57
65                android:name="android.hardware.usb.action.USB_DEVICE_ATTACHED"
65-->src\main\AndroidManifest.xml:44:17-79
66                android:resource="@xml/device_filter" />
66-->src\main\AndroidManifest.xml:45:17-54
67        </activity>
68
69        <!-- Other button activities -->
70        <activity
70-->src\main\AndroidManifest.xml:49:9-51:40
71            android:name="com.example.speakeasy_app.YellowButton"
71-->src\main\AndroidManifest.xml:50:13-41
72            android:exported="false" />
72-->src\main\AndroidManifest.xml:51:13-37
73        <activity
73-->src\main\AndroidManifest.xml:52:9-54:40
74            android:name="com.example.speakeasy_app.GreenButton"
74-->src\main\AndroidManifest.xml:53:13-40
75            android:exported="false" />
75-->src\main\AndroidManifest.xml:54:13-37
76        <activity
76-->src\main\AndroidManifest.xml:55:9-57:40
77            android:name="com.example.speakeasy_app.BlueButton"
77-->src\main\AndroidManifest.xml:56:13-39
78            android:exported="false" />
78-->src\main\AndroidManifest.xml:57:13-37
79        <activity
79-->src\main\AndroidManifest.xml:59:9-61:40
80            android:name="com.example.speakeasy_app.WhiteButton"
80-->src\main\AndroidManifest.xml:60:13-40
81            android:exported="false" />
81-->src\main\AndroidManifest.xml:61:13-37
82
83        <provider
83-->[androidx.emoji2:emoji2:1.3.0] AndroidManifest.xml:24:9-32:20
84            android:name="androidx.startup.InitializationProvider"
84-->[androidx.emoji2:emoji2:1.3.0] AndroidManifest.xml:25:13-67
85            android:authorities="com.example.speakeasy_app.androidx-startup"
85-->[androidx.emoji2:emoji2:1.3.0] AndroidManifest.xml:26:13-68
86            android:exported="false" >
86-->[androidx.emoji2:emoji2:1.3.0] AndroidManifest.xml:27:13-37
87            <meta-data
87-->[androidx.emoji2:emoji2:1.3.0] AndroidManifest.xml:29:13-31:52
88                android:name="androidx.emoji2.text.EmojiCompatInitializer"
88-->[androidx.emoji2:emoji2:1.3.0] AndroidManifest.xml:30:17-75
89                android:value="androidx.startup" />
89-->[androidx.emoji2:emoji2:1.3.0] AndroidManifest.xml:31:17-49
90            <meta-data
90-->[androidx.lifecycle:lifecycle-process:2.6.2] AndroidManifest.xml:29:13-31:52
91                android:name="androidx.lifecycle.ProcessLifecycleInitializer"
91-->[androidx.lifecycle:lifecycle-process:2.6.2] AndroidManifest.xml:30:17-78
92                android:value="androidx.startup" />
92-->[androidx.lifecycle:lifecycle-process:2.6.2] AndroidManifest.xml:31:17-49
93            <meta-data
93-->[androidx.profileinstaller:profileinstaller:1.3.1] AndroidManifest.xml:29:13-31:52
94                android:name="androidx.profileinstaller.ProfileInstallerInitializer"
94-->[androidx.profileinstaller:profileinstaller:1.3.1] AndroidManifest.xml:30:17-85
95                android:value="androidx.startup" />
95-->[androidx.profileinstaller:profileinstaller:1.3.1] AndroidManifest.xml:31:17-49
96        </provider>
97
98        <receiver
98-->[androidx.profileinstaller:profileinstaller:1.3.1] AndroidManifest.xml:34:9-52:20
99            android:name="androidx.profileinstaller.ProfileInstallReceiver"
99-->[androidx.profileinstaller:profileinstaller:1.3.1] AndroidManifest.xml:35:13-76
100            android:directBootAware="false"
100-->[androidx.profileinstaller:profileinstaller:1.3.1] AndroidManifest.xml:36:13-44
101            android:enabled="true"
101-->[androidx.profileinstaller:profileinstaller:1.3.1] AndroidManifest.xml:37:13-35
102            android:exported="true"
102-->[androidx.profileinstaller:profileinstaller:1.3.1] AndroidManifest.xml:38:13-36
103            android:permission="android.permission.DUMP" >
103-->[androidx.profileinstaller:profileinstaller:1.3.1] AndroidManifest.xml:39:13-57
104            <intent-filter>
104-->[androidx.profileinstaller:profileinstaller:1.3.1] AndroidManifest.xml:40:13-42:29
105                <action android:name="androidx.profileinstaller.action.INSTALL_PROFILE" />
105-->[androidx.profileinstaller:profileinstaller:1.3.1] AndroidManifest.xml:41:17-91
105-->[androidx.profileinstaller:profileinstaller:1.3.1] AndroidManifest.xml:41:25-88
106            </intent-filter>
107            <intent-filter>
107-->[androidx.profileinstaller:profileinstaller:1.3.1] AndroidManifest.xml:43:13-45:29
108                <action android:name="androidx.profileinstaller.action.SKIP_FILE" />
108-->[androidx.profileinstaller:profileinstaller:1.3.1] AndroidManifest.xml:44:17-85
108-->[androidx.profileinstaller:profileinstaller:1.3.1] AndroidManifest.xml:44:25-82
109            </intent-filter>
110            <intent-filter>
110-->[androidx.profileinstaller:profileinstaller:1.3.1] AndroidManifest.xml:46:13-48:29
111                <action android:name="androidx.profileinstaller.action.SAVE_PROFILE" />
111-->[androidx.profileinstaller:profileinstaller:1.3.1] AndroidManifest.xml:47:17-88
111-->[androidx.profileinstaller:profileinstaller:1.3.1] AndroidManifest.xml:47:25-85
112            </intent-filter>
113            <intent-filter>
113-->[androidx.profileinstaller:profileinstaller:1.3.1] AndroidManifest.xml:49:13-51:29
114                <action android:name="androidx.profileinstaller.action.BENCHMARK_OPERATION" />
114-->[androidx.profileinstaller:profileinstaller:1.3.1] AndroidManifest.xml:50:17-95
114-->[androidx.profileinstaller:profileinstaller:1.3.1] AndroidManifest.xml:50:25-92
115            </intent-filter>
116        </receiver>
117    </application>
118
119</manifest>